#
# There is insufficient memory for the Java Runtime Environment to continue.
# Native memory allocation (malloc) failed to allocate 376656 bytes for Chunk::new
# Possible reasons:
#   The system is out of physical RAM or swap space
#   In 32 bit mode, the process size limit was hit
# Possible solutions:
#   Reduce memory load on the system
#   Increase physical memory or swap space
#   Check if swap backing store is full
#   Use 64 bit Java on a 64 bit OS
#   Decrease Java heap size (-Xmx/-Xms)
#   Decrease number of Java threads
#   Decrease Java thread stack sizes (-Xss)
#   Set larger code cache with -XX:ReservedCodeCacheSize=
# This output file may be truncated or incomplete.
#
#  Out of Memory Error (allocation.cpp:390), pid=17760, tid=0x000000000000a758
#
# JRE version: Java(TM) SE Runtime Environment (8.0_181-b13) (build 1.8.0_181-b13)
# Java VM: Java HotSpot(TM) 64-Bit Server VM (25.181-b13 mixed mode windows-amd64 compressed oops)
# Failed to write core dump. Minidumps are not enabled by default on client versions of Windows
#

---------------  T H R E A D  ---------------

Current thread (0x00000000174df800):  JavaThread "C2 CompilerThread1" daemon [_thread_in_native, id=42840, stack(0x00000000190d0000,0x00000000191d0000)]

Stack: [0x00000000190d0000,0x00000000191d0000]
[error occurred during error reporting (printing stack bounds), id 0xc0000005]

Native frames: (J=compiled Java code, j=interpreted, Vv=VM code, C=native code)


Current CompileTask:
C2:  21918 3206       4       com.sun.javafx.sg.prism.NGGroup::markCullRegions (198 bytes)


---------------  P R O C E S S  ---------------

Java Threads: ( => current thread )
  0x0000000021bc9800 JavaThread "Prism Font Disposer" daemon [_thread_blocked, id=41980, stack(0x0000000024310000,0x0000000024410000)]
  0x0000000019675000 JavaThread "JavaFX-Launcher" [_thread_blocked, id=33276, stack(0x0000000020fa0000,0x00000000210a0000)]
  0x0000000019689800 JavaThread "Thread-2" daemon [_thread_in_native, id=33620, stack(0x0000000020ea0000,0x0000000020fa0000)]
  0x00000000195f7000 JavaThread "JavaFX Application Thread" [_thread_in_native, id=32004, stack(0x000000001a1d0000,0x000000001a2d0000)]
  0x00000000195f6800 JavaThread "Thread-1" daemon [_thread_blocked, id=40756, stack(0x000000001a0d0000,0x000000001a1d0000)]
  0x0000000018ec3000 JavaThread "QuantumRenderer-0" daemon [_thread_blocked, id=8560, stack(0x0000000019df0000,0x0000000019ef0000)]
  0x0000000018b86000 JavaThread "Service Thread" daemon [_thread_blocked, id=33352, stack(0x00000000192d0000,0x00000000193d0000)]
  0x0000000018b14000 JavaThread "C1 CompilerThread2" daemon [_thread_blocked, id=42976, stack(0x00000000191d0000,0x00000000192d0000)]
=>0x00000000174df800 JavaThread "C2 CompilerThread1" daemon [_thread_in_native, id=42840, stack(0x00000000190d0000,0x00000000191d0000)]
  0x00000000174db800 JavaThread "C2 CompilerThread0" daemon [_thread_in_native, id=13128, stack(0x0000000018fd0000,0x00000000190d0000)]
  0x00000000174e3800 JavaThread "Monitor Ctrl-Break" daemon [_thread_in_native, id=14188, stack(0x0000000018ed0000,0x0000000018fd0000)]
  0x000000001748e800 JavaThread "Attach Listener" daemon [_thread_blocked, id=40136, stack(0x00000000189d0000,0x0000000018ad0000)]
  0x000000001748d000 JavaThread "Signal Dispatcher" daemon [_thread_blocked, id=28980, stack(0x00000000188d0000,0x00000000189d0000)]
  0x000000000291c000 JavaThread "Finalizer" daemon [_thread_blocked, id=6780, stack(0x00000000186e0000,0x00000000187e0000)]
  0x0000000002913000 JavaThread "Reference Handler" daemon [_thread_blocked, id=17532, stack(0x00000000185e0000,0x00000000186e0000)]
  0x0000000002823800 JavaThread "main" [_thread_blocked, id=27260, stack(0x0000000002560000,0x0000000002660000)]

Other Threads:
  0x0000000017457800 VMThread [stack: 0x00000000184e0000,0x00000000185e0000] [id=24184]
  0x0000000018bcd000 WatcherThread [stack: 0x00000000193d0000,0x00000000194d0000] [id=42932]

VM state:not at safepoint (normal execution)

VM Mutex/Monitor currently owned by a thread: None

Heap:
 PSYoungGen      total 71680K, used 26818K [0x00000000d5c00000, 0x00000000e0f00000, 0x0000000100000000)
  eden space 66560K, 32% used [0x00000000d5c00000,0x00000000d7134840,0x00000000d9d00000)
  from space 5120K, 99% used [0x00000000d9d00000,0x00000000da1fc040,0x00000000da200000)
  to   space 25088K, 0% used [0x00000000df680000,0x00000000df680000,0x00000000e0f00000)
 ParOldGen       total 87552K, used 35701K [0x0000000081400000, 0x0000000086980000, 0x00000000d5c00000)
  object space 87552K, 40% used [0x0000000081400000,0x00000000836dd4f0,0x0000000086980000)
 Metaspace       used 16347K, capacity 17226K, committed 17408K, reserved 1064960K
  class space    used 2288K, capacity 2523K, committed 2560K, reserved 1048576K

Card table byte_map: [0x0000000011ce0000,0x00000000120e0000] byte_map_base: 0x00000000118d6000

Marking Bits: (ParMarkBitMap*) 0x0000000056f52d00
 Begin Bits: [0x0000000012790000, 0x0000000014740000)
 End Bits:   [0x0000000014740000, 0x00000000166f0000)

Polling page: 0x0000000000b40000

CodeCache: size=245760Kb used=10587Kb max_used=10587Kb free=235172Kb
 bounds [0x0000000002920000, 0x0000000003380000, 0x0000000011920000]
 total_blobs=3804 nmethods=3165 adapters=551
 compilation: enabled

Compilation events (10 events):
Event: 21.893 Thread 0x0000000018b14000 nmethod 3203 0x000000000337a090 code [0x000000000337a360, 0x000000000337b7e8]
Event: 21.894 Thread 0x0000000018b14000 3204       3       java.util.concurrent.locks.ReentrantLock$Sync::nonfairTryAcquire (67 bytes)
Event: 21.894 Thread 0x00000000174df800 3206       4       com.sun.javafx.sg.prism.NGGroup::markCullRegions (198 bytes)
Event: 21.894 Thread 0x0000000018b14000 nmethod 3204 0x000000000336ea50 code [0x000000000336ebe0, 0x000000000336f308]
Event: 21.894 Thread 0x0000000018b14000 3205       3       com.sun.javafx.geom.transform.AffineBase::translate (548 bytes)
Event: 21.895 Thread 0x0000000018b14000 nmethod 3205 0x0000000003372a10 code [0x0000000003372bc0, 0x00000000033737a8]
Event: 21.895 Thread 0x0000000018b14000 3210       1       com.sun.javafx.geom.DirtyRegionContainer::getDirtyRegion (7 bytes)
Event: 21.895 Thread 0x0000000018b14000 nmethod 3210 0x00000000033726d0 code [0x0000000003372820, 0x0000000003372950]
Event: 21.895 Thread 0x0000000018b14000 3211       3       com.sun.javafx.sg.prism.NGNode::render (38 bytes)
Event: 21.895 Thread 0x0000000018b14000 nmethod 3211 0x0000000003372110 code [0x0000000003372280, 0x0000000003372618]

GC Heap History (10 events):
Event: 2.082 GC heap before
{Heap before GC invocations=1 (full 0):
 PSYoungGen      total 38400K, used 33280K [0x00000000d5c00000, 0x00000000d8680000, 0x0000000100000000)
  eden space 33280K, 100% used [0x00000000d5c00000,0x00000000d7c80000,0x00000000d7c80000)
  from space 5120K, 0% used [0x00000000d8180000,0x00000000d8180000,0x00000000d8680000)
  to   space 5120K, 0% used [0x00000000d7c80000,0x00000000d7c80000,0x00000000d8180000)
 ParOldGen       total 87552K, used 0K [0x0000000081400000, 0x0000000086980000, 0x00000000d5c00000)
  object space 87552K, 0% used [0x0000000081400000,0x0000000081400000,0x0000000086980000)
 Metaspace       used 10377K, capacity 10746K, committed 11008K, reserved 1058816K
  class space    used 1380K, capacity 1501K, committed 1536K, reserved 1048576K
Event: 2.098 GC heap after
Heap after GC invocations=1 (full 0):
 PSYoungGen      total 38400K, used 5104K [0x00000000d5c00000, 0x00000000d8680000, 0x0000000100000000)
  eden space 33280K, 0% used [0x00000000d5c00000,0x00000000d5c00000,0x00000000d7c80000)
  from space 5120K, 99% used [0x00000000d7c80000,0x00000000d817c030,0x00000000d8180000)
  to   space 5120K, 0% used [0x00000000d8180000,0x00000000d8180000,0x00000000d8680000)
 ParOldGen       total 87552K, used 5218K [0x0000000081400000, 0x0000000086980000, 0x00000000d5c00000)
  object space 87552K, 5% used [0x0000000081400000,0x0000000081918bb8,0x0000000086980000)
 Metaspace       used 10377K, capacity 10746K, committed 11008K, reserved 1058816K
  class space    used 1380K, capacity 1501K, committed 1536K, reserved 1048576K
}
Event: 3.474 GC heap before
{Heap before GC invocations=2 (full 0):
 PSYoungGen      total 38400K, used 38384K [0x00000000d5c00000, 0x00000000d8680000, 0x0000000100000000)
  eden space 33280K, 100% used [0x00000000d5c00000,0x00000000d7c80000,0x00000000d7c80000)
  from space 5120K, 99% used [0x00000000d7c80000,0x00000000d817c030,0x00000000d8180000)
  to   space 5120K, 0% used [0x00000000d8180000,0x00000000d8180000,0x00000000d8680000)
 ParOldGen       total 87552K, used 5218K [0x0000000081400000, 0x0000000086980000, 0x00000000d5c00000)
  object space 87552K, 5% used [0x0000000081400000,0x0000000081918bb8,0x0000000086980000)
 Metaspace       used 13397K, capacity 14136K, committed 14208K, reserved 1060864K
  class space    used 1943K, capacity 2156K, committed 2176K, reserved 1048576K
Event: 3.486 GC heap after
Heap after GC invocations=2 (full 0):
 PSYoungGen      total 38400K, used 5088K [0x00000000d5c00000, 0x00000000d8680000, 0x0000000100000000)
  eden space 33280K, 0% used [0x00000000d5c00000,0x00000000d5c00000,0x00000000d7c80000)
  from space 5120K, 99% used [0x00000000d8180000,0x00000000d8678020,0x00000000d8680000)
  to   space 5120K, 0% used [0x00000000d7c80000,0x00000000d7c80000,0x00000000d8180000)
 ParOldGen       total 87552K, used 7093K [0x0000000081400000, 0x0000000086980000, 0x00000000d5c00000)
  object space 87552K, 8% used [0x0000000081400000,0x0000000081aed6b0,0x0000000086980000)
 Metaspace       used 13397K, capacity 14136K, committed 14208K, reserved 1060864K
  class space    used 1943K, capacity 2156K, committed 2176K, reserved 1048576K
}
Event: 4.033 GC heap before
{Heap before GC invocations=3 (full 0):
 PSYoungGen      total 38400K, used 38368K [0x00000000d5c00000, 0x00000000d8680000, 0x0000000100000000)
  eden space 33280K, 100% used [0x00000000d5c00000,0x00000000d7c80000,0x00000000d7c80000)
  from space 5120K, 99% used [0x00000000d8180000,0x00000000d8678020,0x00000000d8680000)
  to   space 5120K, 0% used [0x00000000d7c80000,0x00000000d7c80000,0x00000000d8180000)
 ParOldGen       total 87552K, used 7093K [0x0000000081400000, 0x0000000086980000, 0x00000000d5c00000)
  object space 87552K, 8% used [0x0000000081400000,0x0000000081aed6b0,0x0000000086980000)
 Metaspace       used 13680K, capacity 14396K, committed 14464K, reserved 1060864K
  class space    used 1943K, capacity 2156K, committed 2176K, reserved 1048576K
Event: 4.084 GC heap after
Heap after GC invocations=3 (full 0):
 PSYoungGen      total 38400K, used 5088K [0x00000000d5c00000, 0x00000000da700000, 0x0000000100000000)
  eden space 33280K, 0% used [0x00000000d5c00000,0x00000000d5c00000,0x00000000d7c80000)
  from space 5120K, 99% used [0x00000000d7c80000,0x00000000d8178020,0x00000000d8180000)
  to   space 5120K, 0% used [0x00000000da200000,0x00000000da200000,0x00000000da700000)
 ParOldGen       total 87552K, used 22141K [0x0000000081400000, 0x0000000086980000, 0x00000000d5c00000)
  object space 87552K, 25% used [0x0000000081400000,0x000000008299f6b0,0x0000000086980000)
 Metaspace       used 13680K, capacity 14396K, committed 14464K, reserved 1060864K
  class space    used 1943K, capacity 2156K, committed 2176K, reserved 1048576K
}
Event: 7.774 GC heap before
{Heap before GC invocations=4 (full 0):
 PSYoungGen      total 38400K, used 38368K [0x00000000d5c00000, 0x00000000da700000, 0x0000000100000000)
  eden space 33280K, 100% used [0x00000000d5c00000,0x00000000d7c80000,0x00000000d7c80000)
  from space 5120K, 99% used [0x00000000d7c80000,0x00000000d8178020,0x00000000d8180000)
  to   space 5120K, 0% used [0x00000000da200000,0x00000000da200000,0x00000000da700000)
 ParOldGen       total 87552K, used 22141K [0x0000000081400000, 0x0000000086980000, 0x00000000d5c00000)
  object space 87552K, 25% used [0x0000000081400000,0x000000008299f6b0,0x0000000086980000)
 Metaspace       used 15144K, capacity 15866K, committed 16128K, reserved 1062912K
  class space    used 2088K, capacity 2277K, committed 2304K, reserved 1048576K
Event: 7.796 GC heap after
Heap after GC invocations=4 (full 0):
 PSYoungGen      total 71680K, used 5104K [0x00000000d5c00000, 0x00000000da700000, 0x0000000100000000)
  eden space 66560K, 0% used [0x00000000d5c00000,0x00000000d5c00000,0x00000000d9d00000)
  from space 5120K, 99% used [0x00000000da200000,0x00000000da6fc040,0x00000000da700000)
  to   space 5120K, 0% used [0x00000000d9d00000,0x00000000d9d00000,0x00000000da200000)
 ParOldGen       total 87552K, used 35597K [0x0000000081400000, 0x0000000086980000, 0x00000000d5c00000)
  object space 87552K, 40% used [0x0000000081400000,0x00000000836c34f0,0x0000000086980000)
 Metaspace       used 15144K, capacity 15866K, committed 16128K, reserved 1062912K
  class space    used 2088K, capacity 2277K, committed 2304K, reserved 1048576K
}
Event: 18.086 GC heap before
{Heap before GC invocations=5 (full 0):
 PSYoungGen      total 71680K, used 71664K [0x00000000d5c00000, 0x00000000da700000, 0x0000000100000000)
  eden space 66560K, 100% used [0x00000000d5c00000,0x00000000d9d00000,0x00000000d9d00000)
  from space 5120K, 99% used [0x00000000da200000,0x00000000da6fc040,0x00000000da700000)
  to   space 5120K, 0% used [0x00000000d9d00000,0x00000000d9d00000,0x00000000da200000)
 ParOldGen       total 87552K, used 35597K [0x0000000081400000, 0x0000000086980000, 0x00000000d5c00000)
  object space 87552K, 40% used [0x0000000081400000,0x00000000836c34f0,0x0000000086980000)
 Metaspace       used 15331K, capacity 16062K, committed 16128K, reserved 1062912K
  class space    used 2090K, capacity 2277K, committed 2304K, reserved 1048576K
Event: 18.100 GC heap after
Heap after GC invocations=5 (full 0):
 PSYoungGen      total 71680K, used 5104K [0x00000000d5c00000, 0x00000000e0f00000, 0x0000000100000000)
  eden space 66560K, 0% used [0x00000000d5c00000,0x00000000d5c00000,0x00000000d9d00000)
  from space 5120K, 99% used [0x00000000d9d00000,0x00000000da1fc040,0x00000000da200000)
  to   space 25088K, 0% used [0x00000000df680000,0x00000000df680000,0x00000000e0f00000)
 ParOldGen       total 87552K, used 35701K [0x0000000081400000, 0x0000000086980000, 0x00000000d5c00000)
  object space 87552K, 40% used [0x0000000081400000,0x00000000836dd4f0,0x0000000086980000)
 Metaspace       used 15331K, capacity 16062K, committed 16128K, reserved 1062912K
  class space    used 2090K, capacity 2277K, committed 2304K, reserved 1048576K
}

Deoptimization events (10 events):
Event: 21.871 Thread 0x0000000018ec3000 Uncommon trap: reason=bimorphic action=maybe_recompile pc=0x00000000031d4c90 method=com.sun.javafx.geom.transform.Affine3D.concatenate(Lcom/sun/javafx/geom/transform/BaseTransform;)V @ 4
Event: 21.871 Thread 0x0000000018ec3000 Uncommon trap: reason=unstable_if action=reinterpret pc=0x00000000031b390c method=com.sun.javafx.geom.transform.AffineBase.translate(DD)V @ 501
Event: 21.871 Thread 0x0000000018ec3000 Uncommon trap: reason=class_check action=maybe_recompile pc=0x00000000032eebd4 method=javafx.scene.paint.Paint$1.getPlatformPaint(Ljavafx/scene/paint/Paint;)Ljava/lang/Object; @ 1
Event: 21.872 Thread 0x0000000018ec3000 Uncommon trap: reason=unstable_if action=reinterpret pc=0x00000000031e4b10 method=com.sun.prism.impl.ps.BaseShaderGraphics.setPaint(Lcom/sun/prism/paint/Paint;)V @ 7
Event: 21.872 Thread 0x0000000018ec3000 Uncommon trap: reason=unstable_if action=reinterpret pc=0x000000000312d7a0 method=com.sun.prism.impl.BaseGraphics.validateTransformAndPaint()V @ 20
Event: 21.872 Thread 0x0000000018ec3000 Uncommon trap: reason=unstable_if action=reinterpret pc=0x00000000031e75f4 method=com.sun.prism.impl.ps.BaseShaderContext.validatePaintOp(Lcom/sun/prism/impl/ps/BaseShaderGraphics;Lcom/sun/javafx/geom/transform/BaseTransform;Lcom/sun/prism/impl/ps/BaseSha
Event: 21.872 Thread 0x0000000018ec3000 Uncommon trap: reason=unstable_if action=reinterpret pc=0x00000000031f67d0 method=com.sun.javafx.sg.prism.NGNode.renderRectClip(Lcom/sun/prism/Graphics;Lcom/sun/javafx/sg/prism/NGRectangle;)V @ 73
Event: 21.873 Thread 0x0000000018ec3000 Uncommon trap: reason=unstable_if action=reinterpret pc=0x00000000032e8fe0 method=com.sun.javafx.sg.prism.NGNode.render(Lcom/sun/prism/Graphics;)V @ 19
Event: 21.873 Thread 0x0000000018ec3000 Uncommon trap: reason=unstable_if action=reinterpret pc=0x00000000031ccc68 method=com.sun.javafx.sg.prism.NGNode.render(Lcom/sun/prism/Graphics;)V @ 19
Event: 21.888 Thread 0x0000000018ec3000 Uncommon trap: reason=bimorphic action=maybe_recompile pc=0x00000000031d4c90 method=com.sun.javafx.geom.transform.Affine3D.concatenate(Lcom/sun/javafx/geom/transform/BaseTransform;)V @ 4

Classes redefined (0 events):
No events

Internal exceptions (10 events):
Event: 2.486 Thread 0x00000000195f7000 Implicit null exception at 0x0000000002d3ff71 to 0x0000000002d400cd
Event: 2.560 Thread 0x00000000195f7000 Implicit null exception at 0x0000000002cf06d0 to 0x0000000002cf07b1
Event: 3.160 Thread 0x00000000195f7000 Implicit null exception at 0x0000000002d8689a to 0x0000000002d8b2f5
Event: 3.345 Thread 0x00000000195f7000 Implicit null exception at 0x0000000002dcaae1 to 0x0000000002dcabcd
Event: 3.455 Thread 0x00000000195f7000 Implicit null exception at 0x0000000002e5d42e to 0x0000000002e5d482
Event: 14.329 Thread 0x0000000018ec3000 Implicit null exception at 0x00000000031ef135 to 0x00000000031efdd5
Event: 21.455 Thread 0x00000000195f7000 Implicit null exception at 0x00000000032fefb4 to 0x0000000003302959
Event: 21.586 Thread 0x00000000195f7000 Implicit null exception at 0x0000000002f57a86 to 0x0000000002f5a279
Event: 21.587 Thread 0x00000000195f7000 Implicit null exception at 0x0000000002e65130 to 0x0000000002e658cd
Event: 21.792 Thread 0x00000000195f7000 Implicit null exception at 0x000000000334bf13 to 0x000000000334ee09

Events (10 events):
Event: 21.889 loading class java/nio/DirectIntBufferU
Event: 21.889 loading class java/nio/DirectIntBufferU done
Event: 21.893 loading class com/sun/prism/PixelSource
Event: 21.893 loading class com/sun/prism/PixelSource done
Event: 21.893 loading class com/sun/javafx/tk/quantum/SceneState
Event: 21.893 loading class com/sun/javafx/tk/quantum/SceneState done
Event: 21.893 Executing VM operation: RevokeBias
Event: 21.893 Executing VM operation: RevokeBias done
Event: 21.894 Executing VM operation: RevokeBias
Event: 21.894 Executing VM operation: RevokeBias done


Dynamic libraries:
0x00007ff641f10000 - 0x00007ff641f47000 	C:\Program Files\Java\jdk1.8.0_181\bin\java.exe
0x00007ff811190000 - 0x00007ff811371000 	C:\WINDOWS\SYSTEM32\ntdll.dll
0x00007ff8103f0000 - 0x00007ff8104a2000 	C:\WINDOWS\System32\KERNEL32.DLL
0x00007ff80d9f0000 - 0x00007ff80dc63000 	C:\WINDOWS\System32\KERNELBASE.dll
0x00007ff80e8d0000 - 0x00007ff80e971000 	C:\WINDOWS\System32\ADVAPI32.dll
0x00007ff810340000 - 0x00007ff8103de000 	C:\WINDOWS\System32\msvcrt.dll
0x00007ff80e870000 - 0x00007ff80e8cb000 	C:\WINDOWS\System32\sechost.dll
0x00007ff80ff50000 - 0x00007ff810074000 	C:\WINDOWS\System32\RPCRT4.dll
0x00007ff80fdc0000 - 0x00007ff80ff50000 	C:\WINDOWS\System32\USER32.dll
0x00007ff80d9d0000 - 0x00007ff80d9f0000 	C:\WINDOWS\System32\win32u.dll
0x00007ff810bf0000 - 0x00007ff810c18000 	C:\WINDOWS\System32\GDI32.dll
0x00007ff80d610000 - 0x00007ff80d7a2000 	C:\WINDOWS\System32\gdi32full.dll
0x00007ff80d7b0000 - 0x00007ff80d84f000 	C:\WINDOWS\System32\msvcp_win.dll
0x00007ff80d8d0000 - 0x00007ff80d9ca000 	C:\WINDOWS\System32\ucrtbase.dll
0x00007ff800680000 - 0x00007ff8008e9000 	C:\WINDOWS\WinSxS\amd64_microsoft.windows.common-controls_6595b64144ccf1df_6.0.17134.590_none_fb3d9bff3069e088\COMCTL32.dll
0x00007ff8107f0000 - 0x00007ff810b12000 	C:\WINDOWS\System32\combase.dll
0x00007ff80d850000 - 0x00007ff80d8ca000 	C:\WINDOWS\System32\bcryptPrimitives.dll
0x00007ff810190000 - 0x00007ff8101bd000 	C:\WINDOWS\System32\IMM32.DLL
0x0000000057c60000 - 0x0000000057d32000 	C:\Program Files\Java\jdk1.8.0_181\jre\bin\msvcr100.dll
0x0000000056730000 - 0x0000000056fd2000 	C:\Program Files\Java\jdk1.8.0_181\jre\bin\server\jvm.dll
0x00007ff810620000 - 0x00007ff810628000 	C:\WINDOWS\System32\PSAPI.DLL
0x00007ff804080000 - 0x00007ff804089000 	C:\WINDOWS\SYSTEM32\WSOCK32.dll
0x00007ff802840000 - 0x00007ff802863000 	C:\WINDOWS\SYSTEM32\WINMM.dll
0x00007ff804660000 - 0x00007ff80466a000 	C:\WINDOWS\SYSTEM32\VERSION.dll
0x00007ff8110d0000 - 0x00007ff81113c000 	C:\WINDOWS\System32\WS2_32.dll
0x00007ff802ec0000 - 0x00007ff802eea000 	C:\WINDOWS\SYSTEM32\WINMMBASE.dll
0x00007ff80d5c0000 - 0x00007ff80d609000 	C:\WINDOWS\System32\cfgmgr32.dll
0x0000000057c50000 - 0x0000000057c5f000 	C:\Program Files\Java\jdk1.8.0_181\jre\bin\verify.dll
0x0000000057c20000 - 0x0000000057c49000 	C:\Program Files\Java\jdk1.8.0_181\jre\bin\java.dll
0x0000000057bf0000 - 0x0000000057c13000 	C:\Program Files\Java\jdk1.8.0_181\jre\bin\instrument.dll
0x0000000057bd0000 - 0x0000000057be6000 	C:\Program Files\Java\jdk1.8.0_181\jre\bin\zip.dll
0x00007ff80e980000 - 0x00007ff80fdc0000 	C:\WINDOWS\System32\SHELL32.dll
0x00007ff80e7c0000 - 0x00007ff80e869000 	C:\WINDOWS\System32\shcore.dll
0x00007ff80dc70000 - 0x00007ff80e37d000 	C:\WINDOWS\System32\windows.storage.dll
0x00007ff810790000 - 0x00007ff8107e1000 	C:\WINDOWS\System32\shlwapi.dll
0x00007ff80d500000 - 0x00007ff80d511000 	C:\WINDOWS\System32\kernel.appcore.dll
0x00007ff80d520000 - 0x00007ff80d53f000 	C:\WINDOWS\System32\profapi.dll
0x00007ff80d4a0000 - 0x00007ff80d4ec000 	C:\WINDOWS\System32\powrprof.dll
0x00007ff80d4f0000 - 0x00007ff80d4fa000 	C:\WINDOWS\System32\FLTLIB.DLL
0x00007ff8098e0000 - 0x00007ff8098fa000 	C:\Program Files\JetBrains\IntelliJ IDEA 2018.3.4\bin\breakgen64.dll
0x0000000057bb0000 - 0x0000000057bca000 	C:\Program Files\Java\jdk1.8.0_181\jre\bin\net.dll
0x00007ff80cd20000 - 0x00007ff80cd86000 	C:\WINDOWS\system32\mswsock.dll
0x0000000002490000 - 0x0000000002493000 	C:\Program Files\Java\jdk1.8.0_181\jre\bin\api-ms-win-core-console-l1-1-0.dll
0x00000000024a0000 - 0x00000000024a3000 	C:\Program Files\Java\jdk1.8.0_181\jre\bin\api-ms-win-core-datetime-l1-1-0.dll
0x00000000024c0000 - 0x00000000024c3000 	C:\Program Files\Java\jdk1.8.0_181\jre\bin\api-ms-win-core-debug-l1-1-0.dll
0x00000000024d0000 - 0x00000000024d3000 	C:\Program Files\Java\jdk1.8.0_181\jre\bin\api-ms-win-core-errorhandling-l1-1-0.dll
0x00000000024e0000 - 0x00000000024e4000 	C:\Program Files\Java\jdk1.8.0_181\jre\bin\api-ms-win-core-file-l1-1-0.dll
0x00000000024f0000 - 0x00000000024f3000 	C:\Program Files\Java\jdk1.8.0_181\jre\bin\api-ms-win-core-file-l1-2-0.dll
0x0000000002500000 - 0x0000000002503000 	C:\Program Files\Java\jdk1.8.0_181\jre\bin\api-ms-win-core-file-l2-1-0.dll
0x0000000002510000 - 0x0000000002513000 	C:\Program Files\Java\jdk1.8.0_181\jre\bin\api-ms-win-core-handle-l1-1-0.dll
0x0000000002520000 - 0x0000000002523000 	C:\Program Files\Java\jdk1.8.0_181\jre\bin\api-ms-win-core-heap-l1-1-0.dll
0x0000000002530000 - 0x0000000002533000 	C:\Program Files\Java\jdk1.8.0_181\jre\bin\api-ms-win-core-interlocked-l1-1-0.dll
0x0000000002540000 - 0x0000000002543000 	C:\Program Files\Java\jdk1.8.0_181\jre\bin\api-ms-win-core-libraryloader-l1-1-0.dll
0x0000000002760000 - 0x0000000002763000 	C:\Program Files\Java\jdk1.8.0_181\jre\bin\api-ms-win-core-localization-l1-2-0.dll
0x0000000002770000 - 0x0000000002773000 	C:\Program Files\Java\jdk1.8.0_181\jre\bin\api-ms-win-core-memory-l1-1-0.dll
0x0000000002780000 - 0x0000000002783000 	C:\Program Files\Java\jdk1.8.0_181\jre\bin\api-ms-win-core-namedpipe-l1-1-0.dll
0x0000000002790000 - 0x0000000002793000 	C:\Program Files\Java\jdk1.8.0_181\jre\bin\api-ms-win-core-processenvironment-l1-1-0.dll
0x00000000027a0000 - 0x00000000027a3000 	C:\Program Files\Java\jdk1.8.0_181\jre\bin\api-ms-win-core-processthreads-l1-1-0.dll
0x00000000027b0000 - 0x00000000027b3000 	C:\Program Files\Java\jdk1.8.0_181\jre\bin\api-ms-win-core-processthreads-l1-1-1.dll
0x00000000027c0000 - 0x00000000027c3000 	C:\Program Files\Java\jdk1.8.0_181\jre\bin\api-ms-win-core-profile-l1-1-0.dll
0x00000000027d0000 - 0x00000000027d3000 	C:\Program Files\Java\jdk1.8.0_181\jre\bin\api-ms-win-core-rtlsupport-l1-1-0.dll
0x00000000027e0000 - 0x00000000027e3000 	C:\Program Files\Java\jdk1.8.0_181\jre\bin\api-ms-win-core-string-l1-1-0.dll
0x00000000027f0000 - 0x00000000027f3000 	C:\Program Files\Java\jdk1.8.0_181\jre\bin\api-ms-win-core-synch-l1-1-0.dll
0x0000000002800000 - 0x0000000002803000 	C:\Program Files\Java\jdk1.8.0_181\jre\bin\api-ms-win-core-synch-l1-2-0.dll
0x00000000194d0000 - 0x00000000194d3000 	C:\Program Files\Java\jdk1.8.0_181\jre\bin\api-ms-win-core-sysinfo-l1-1-0.dll
0x00000000194e0000 - 0x00000000194e3000 	C:\Program Files\Java\jdk1.8.0_181\jre\bin\api-ms-win-core-timezone-l1-1-0.dll
0x00000000194f0000 - 0x00000000194f3000 	C:\Program Files\Java\jdk1.8.0_181\jre\bin\api-ms-win-core-util-l1-1-0.dll
0x0000000019500000 - 0x0000000019503000 	C:\Program Files\Java\jdk1.8.0_181\jre\bin\api-ms-win-crt-conio-l1-1-0.dll
0x0000000019510000 - 0x0000000019514000 	C:\Program Files\Java\jdk1.8.0_181\jre\bin\api-ms-win-crt-convert-l1-1-0.dll
0x0000000019520000 - 0x0000000019523000 	C:\Program Files\Java\jdk1.8.0_181\jre\bin\api-ms-win-crt-environment-l1-1-0.dll
0x0000000019530000 - 0x0000000019533000 	C:\Program Files\Java\jdk1.8.0_181\jre\bin\api-ms-win-crt-filesystem-l1-1-0.dll
0x0000000019540000 - 0x0000000019543000 	C:\Program Files\Java\jdk1.8.0_181\jre\bin\api-ms-win-crt-heap-l1-1-0.dll
0x0000000019550000 - 0x0000000019553000 	C:\Program Files\Java\jdk1.8.0_181\jre\bin\api-ms-win-crt-locale-l1-1-0.dll
0x0000000019560000 - 0x0000000019565000 	C:\Program Files\Java\jdk1.8.0_181\jre\bin\api-ms-win-crt-math-l1-1-0.dll
0x0000000019570000 - 0x0000000019575000 	C:\Program Files\Java\jdk1.8.0_181\jre\bin\api-ms-win-crt-multibyte-l1-1-0.dll
0x0000000019580000 - 0x0000000019590000 	C:\Program Files\Java\jdk1.8.0_181\jre\bin\api-ms-win-crt-private-l1-1-0.dll
0x0000000019590000 - 0x0000000019593000 	C:\Program Files\Java\jdk1.8.0_181\jre\bin\api-ms-win-crt-process-l1-1-0.dll
0x00000000195a0000 - 0x00000000195a4000 	C:\Program Files\Java\jdk1.8.0_181\jre\bin\api-ms-win-crt-runtime-l1-1-0.dll
0x00000000195b0000 - 0x00000000195b4000 	C:\Program Files\Java\jdk1.8.0_181\jre\bin\api-ms-win-crt-stdio-l1-1-0.dll
0x00000000195c0000 - 0x00000000195c4000 	C:\Program Files\Java\jdk1.8.0_181\jre\bin\api-ms-win-crt-string-l1-1-0.dll
0x00000000195d0000 - 0x00000000195d3000 	C:\Program Files\Java\jdk1.8.0_181\jre\bin\api-ms-win-crt-time-l1-1-0.dll
0x00000000195e0000 - 0x00000000195e3000 	C:\Program Files\Java\jdk1.8.0_181\jre\bin\api-ms-win-crt-utility-l1-1-0.dll
0x00007fffe2020000 - 0x00007fffe2116000 	C:\Program Files\Java\jdk1.8.0_181\jre\bin\ucrtbase.dll
0x00007ff808e00000 - 0x00007ff808e16000 	C:\Program Files\Java\jdk1.8.0_181\jre\bin\vcruntime140.dll
0x00007fffe7150000 - 0x00007fffe71ec000 	C:\Program Files\Java\jdk1.8.0_181\jre\bin\msvcp140.dll
0x00007ffffe150000 - 0x00007ffffe1a1000 	C:\Program Files\Java\jdk1.8.0_181\jre\bin\concrt140.dll
0x0000000057b80000 - 0x0000000057ba3000 	C:\Program Files\Java\jdk1.8.0_181\jre\bin\prism_d3d.dll
0x00007fffd64f0000 - 0x00007fffd6687000 	C:\WINDOWS\system32\d3d9.dll
0x00007ff80b8a0000 - 0x00007ff80b8c9000 	C:\WINDOWS\SYSTEM32\dwmapi.dll
0x00007ff80af60000 - 0x00007ff80aff8000 	C:\WINDOWS\system32\uxtheme.dll
0x00007fffd78f0000 - 0x00007fffd7adf000 	C:\WINDOWS\System32\DriverStore\FileRepository\ki127756.inf_amd64_cd9f19051b5853c8\igdumdim64.dll
0x00007fff9ca60000 - 0x00007fff9fcd4000 	C:\WINDOWS\System32\DriverStore\FileRepository\ki127756.inf_amd64_cd9f19051b5853c8\igd9dxva64.dll
0x00007ff810630000 - 0x00007ff810781000 	C:\WINDOWS\System32\ole32.dll
0x00007ff810b20000 - 0x00007ff810be3000 	C:\WINDOWS\System32\OLEAUT32.dll
0x0000000057b30000 - 0x0000000057b79000 	C:\Program Files\Java\jdk1.8.0_181\jre\bin\glass.dll
0x00007ff8104b0000 - 0x00007ff81059d000 	C:\WINDOWS\System32\COMDLG32.dll
0x00007ff8101c0000 - 0x00007ff810333000 	C:\WINDOWS\System32\MSCTF.dll
0x00007ffff95f0000 - 0x00007ffffb3d0000 	C:\WINDOWS\System32\DriverStore\FileRepository\ki127756.inf_amd64_cd9f19051b5853c8\igc64.dll
0x0000000057af0000 - 0x0000000057b04000 	C:\Program Files\Java\jdk1.8.0_181\jre\bin\javafx_font.dll
0x00007ffff7980000 - 0x00007ffff7c9c000 	C:\WINDOWS\SYSTEM32\dwrite.dll
0x00007ff8100e0000 - 0x00007ff810180000 	C:\WINDOWS\System32\clbcatq.dll
0x00007ffffdb30000 - 0x00007ffffdcde000 	C:\WINDOWS\SYSTEM32\WindowsCodecs.dll
0x00007ffff2df0000 - 0x00007ffff2e48000 	C:\WINDOWS\system32\dataexchange.dll
0x00007ff80a750000 - 0x00007ff80a8ec000 	C:\WINDOWS\system32\dcomp.dll
0x00007ff809e70000 - 0x00007ff80a17b000 	C:\WINDOWS\system32\d3d11.dll
0x00007ff80c260000 - 0x00007ff80c31b000 	C:\WINDOWS\system32\dxgi.dll
0x00007ff80b900000 - 0x00007ff80bab8000 	C:\WINDOWS\system32\twinapi.appcore.dll
0x00007ff80b8d0000 - 0x00007ff80b8f9000 	C:\WINDOWS\system32\RMCLIENT.dll
0x00007ffff6b10000 - 0x00007ffff6b44000 	C:\Program Files\Common Files\Microsoft Shared\Ink\rtscom.dll
0x00007ffffcb10000 - 0x00007ffffcba6000 	C:\WINDOWS\System32\TextInputFramework.dll
0x00007ff80ac30000 - 0x00007ff80ad0a000 	C:\WINDOWS\System32\CoreMessaging.dll
0x00007ffffd530000 - 0x00007ffffd84e000 	C:\WINDOWS\System32\CoreUIComponents.dll
0x00007ff809610000 - 0x00007ff80975d000 	C:\WINDOWS\SYSTEM32\wintypes.dll
0x00007ff80c590000 - 0x00007ff80c5c1000 	C:\WINDOWS\SYSTEM32\ntmarta.dll
0x00007ff802cf0000 - 0x00007ff802d5b000 	C:\WINDOWS\system32\Oleacc.dll
0x0000000057ad0000 - 0x0000000057ae2000 	C:\Program Files\Java\jdk1.8.0_181\jre\bin\prism_common.dll

VM Arguments:
jvm_args: -javaagent:C:\Program Files\JetBrains\IntelliJ IDEA 2018.3.4\lib\idea_rt.jar=52739:C:\Program Files\JetBrains\IntelliJ IDEA 2018.3.4\bin -Dfile.encoding=UTF-8 
java_command: main.AntGui
java_class_path (initial): C:\Program Files\Java\jdk1.8.0_181\jre\lib\charsets.jar;C:\Program Files\Java\jdk1.8.0_181\jre\lib\deploy.jar;C:\Program Files\Java\jdk1.8.0_181\jre\lib\ext\access-bridge-64.jar;C:\Program Files\Java\jdk1.8.0_181\jre\lib\ext\cldrdata.jar;C:\Program Files\Java\jdk1.8.0_181\jre\lib\ext\dnsns.jar;C:\Program Files\Java\jdk1.8.0_181\jre\lib\ext\jaccess.jar;C:\Program Files\Java\jdk1.8.0_181\jre\lib\ext\jfxrt.jar;C:\Program Files\Java\jdk1.8.0_181\jre\lib\ext\localedata.jar;C:\Program Files\Java\jdk1.8.0_181\jre\lib\ext\nashorn.jar;C:\Program Files\Java\jdk1.8.0_181\jre\lib\ext\sunec.jar;C:\Program Files\Java\jdk1.8.0_181\jre\lib\ext\sunjce_provider.jar;C:\Program Files\Java\jdk1.8.0_181\jre\lib\ext\sunmscapi.jar;C:\Program Files\Java\jdk1.8.0_181\jre\lib\ext\sunpkcs11.jar;C:\Program Files\Java\jdk1.8.0_181\jre\lib\ext\zipfs.jar;C:\Program Files\Java\jdk1.8.0_181\jre\lib\javaws.jar;C:\Program Files\Java\jdk1.8.0_181\jre\lib\jce.jar;C:\Program Files\Java\jdk1.8.0_181\jre\lib\jfr.jar;C:\Program Files\Java\jdk1.8.0_181\jre\lib\jfxswt.jar;C:\Program Files\Java\jdk1.8.0_181\jre\lib\jsse.jar;C:\Program Files\Java\jdk1.8.0_181\jre\lib\management-agent.jar;C:\Program Files\Java\jdk1.8.0_181\jre\lib\plugin.jar;C:\Program Files\Java\jdk1.8.0_181\jre\lib\resources.jar;C:\Program Files\Java\jdk1.8.0_181\jre\lib\rt.jar;C:\Users\Christian Tsoungui\IdeaProjects\AntFarm\out\production\AntFarm;C:\Program Files\JetBrains\IntelliJ IDEA 2018.3.4\lib\idea_rt.jar
Launcher Type: SUN_STANDARD

Environment Variables:
PATH=C:\Program Files\AdoptOpenJDK\jdk-11.0.2+9\bin;C:\Program Files\AdoptOpenJDK\jdk8u202-b08\bin;C:\Program Files (x86)\Common Files\Oracle\Java\javapath;C:\Program Files (x86)\Intel\Intel(R) Management Engine Components\iCLS\;C:\Program Files\Intel\Intel(R) Management Engine Components\iCLS\;C:\WINDOWS\system32;C:\WINDOWS;C:\WINDOWS\System32\Wbem;C:\WINDOWS\System32\WindowsPowerShell\v1.0\;C:\Program Files (x86)\Intel\Intel(R) Management Engine Components\DAL;C:\Program Files\Intel\Intel(R) Management Engine Components\DAL;C:\Program Files (x86)\Intel\Intel(R) Management Engine Components\IPT;C:\Program Files\Intel\Intel(R) Management Engine Components\IPT;C:\Program Files\Microsoft VS Code\bin;C:\WINDOWS\System32\OpenSSH\;C:\Program Files\Git\cmd;C:\Users\Christian Tsoungui\AppData\Local\Microsoft\WindowsApps;
USERNAME=Christian Tsoungui
OS=Windows_NT
PROCESSOR_IDENTIFIER=Intel64 Family 6 Model 142 Stepping 10, GenuineIntel



---------------  S Y S T E M  ---------------

OS: Windows 10.0 , 64 bit Build 17134 (10.0.17134.556)

CPU:total 4 (initial active 4) (2 cores per cpu, 2 threads per core) family 6 model 142 stepping 10, cmov, cx8, fxsr, mmx, sse, sse2, sse3, ssse3, sse4.1, sse4.2, popcnt, avx, avx2, aes, clmul, erms, 3dnowpref, lzcnt, ht, tsc, tscinvbit, bmi1, bmi2, adx

Memory: 4k page, physical 8301668k(101880k free), swap 23769312k(5228k free)

vm_info: Java HotSpot(TM) 64-Bit Server VM (25.181-b13) for windows-amd64 JRE (1.8.0_181-b13), built on Jul  7 2018 04:01:33 by "java_re" with MS VC++ 10.0 (VS2010)

time: Fri Mar 01 13:46:10 2019
elapsed time: 21 seconds (0d 0h 0m 21s)

